SF:lib\core\network\network_info.dart
DA:10,2
DA:12,1
DA:13,2
LF:3
LH:3
end_of_record
SF:lib\features\number_trivia\data\data_sources\number_trivia_local_data_source.dart
DA:18,2
DA:20,1
DA:22,2
DA:24,3
DA:26,1
DA:30,1
DA:32,2
DA:34,2
LF:8
LH:8
end_of_record
SF:lib\features\number_trivia\data\models\number_trivia_model.dart
DA:4,6
DA:6,3
DA:7,3
DA:8,3
DA:9,6
DA:13,2
DA:14,2
DA:15,2
DA:16,2
LF:9
LH:9
end_of_record
SF:lib\features\number_trivia\domain\entities\number_trivia.dart
DA:7,12
DA:12,3
DA:13,9
LF:3
LH:3
end_of_record
SF:lib\features\number_trivia\data\data_sources\number_trivia_remote_data_source.dart
DA:22,2
DA:24,1
DA:25,1
DA:26,3
DA:30,2
DA:31,3
DA:33,1
DA:37,1
DA:39,2
DA:41,1
DA:43,1
LF:11
LH:11
end_of_record
SF:lib\features\number_trivia\domain\usecases\get_cached_number_trivia.dart
DA:10,2
DA:12,1
DA:14,2
LF:3
LH:3
end_of_record
SF:lib\features\number_trivia\domain\usecases\get_concrete_number_trivia.dart
DA:11,2
DA:13,1
DA:15,3
DA:22,3
DA:24,1
DA:25,2
LF:6
LH:6
end_of_record
SF:lib\features\number_trivia\domain\usecases\get_random_number_trivia.dart
DA:10,2
DA:11,1
DA:13,2
LF:3
LH:3
end_of_record
SF:lib\core\error\failures.dart
DA:6,5
DA:8,3
DA:9,3
LF:3
LH:3
end_of_record
SF:lib\features\number_trivia\data\repositories\number_trivia_repository_impl.dart
DA:16,2
DA:22,1
DA:25,2
DA:27,1
DA:28,2
DA:29,1
DA:30,1
DA:31,2
DA:35,2
DA:36,1
DA:37,1
DA:38,2
DA:43,1
DA:46,1
DA:47,3
DA:50,1
DA:52,4
DA:55,1
DA:58,2
DA:59,1
DA:61,2
LF:21
LH:21
end_of_record
SF:lib\core\usecases\usecase.dart
DA:10,1
DA:11,1
LF:2
LH:2
end_of_record
SF:lib\features\number_trivia\presentation\providers\number_trivia_provider.dart
DA:11,0
DA:12,0
DA:13,0
DA:14,0
DA:15,0
DA:17,0
DA:25,1
DA:26,1
DA:27,1
DA:30,1
DA:32,3
DA:33,1
DA:34,1
DA:35,1
DA:38,1
DA:39,2
DA:43,1
DA:48,1
DA:49,1
DA:51,3
DA:52,2
DA:53,3
DA:54,2
DA:57,0
DA:61,1
DA:62,1
DA:64,3
DA:65,2
DA:66,3
DA:67,2
DA:70,0
LF:31
LH:23
end_of_record
SF:lib\features\number_trivia\presentation\providers\repository_providers.dart
DA:14,3
DA:15,0
DA:18,3
DA:19,0
DA:20,0
DA:21,0
DA:25,2
DA:26,2
DA:27,2
DA:28,1
DA:31,2
DA:32,1
DA:33,0
DA:34,0
DA:37,4
DA:38,2
DA:39,2
DA:40,2
DA:42,1
DA:49,3
DA:50,1
DA:51,2
DA:52,1
DA:56,3
DA:57,1
DA:58,2
DA:59,1
DA:63,4
DA:64,2
DA:65,1
LF:30
LH:24
end_of_record
SF:lib\features\number_trivia\presentation\widgets\trivia_error.dart
DA:8,1
DA:13,1
DA:16,2
DA:18,2
DA:24,1
DA:26,1
DA:28,1
LF:7
LH:7
end_of_record
SF:lib\core\theme\theme.dart
DA:11,0
DA:33,0
DA:34,0
DA:43,0
DA:46,0
DA:47,0
DA:50,0
DA:51,0
DA:54,0
DA:55,0
DA:59,0
DA:61,0
DA:62,0
LF:13
LH:0
end_of_record
